<?xml version="1.0" encoding="UTF-8"?>
<!-- Generated by org.testng.reporters.JUnitReportReporter -->
<testsuite hostname="premkumar" failures="0" tests="3" name="testcases.Login" time="45.309" errors="0" timestamp="2023-07-19T11:02:16 IST" skipped="0">
  <testcase classname="testcases.Login" name="invalidpasswd" time="15.618"/>
  <system-out/>
  <testcase classname="testcases.Login" name="launchurl" time="15.934"/>
  <system-out/>
  <testcase classname="testcases.Login" name="bumodule" time="13.757"/>
  <system-out/>
</testsuite> <!-- testcases.Login -->
