<?xml version="1.0" encoding="UTF-8"?>
<!-- Generated by org.testng.reporters.JUnitReportReporter -->
<testsuite hostname="premkumar" failures="0" tests="3" name="testcases.Login" time="44.327" errors="0" timestamp="2023-07-18T21:36:29 IST" skipped="0">
  <testcase classname="testcases.Login" name="invalidpasswd" time="15.989"/>
  <system-out/>
  <testcase classname="testcases.Login" name="launchurl" time="15.827"/>
  <system-out/>
  <testcase classname="testcases.Login" name="bumodule" time="12.511"/>
  <system-out/>
</testsuite> <!-- testcases.Login -->
