<?xml version="1.0" encoding="UTF-8"?>
<!-- Generated by org.testng.reporters.JUnitReportReporter -->
<testsuite hostname="premkumar" failures="0" tests="3" name="testcases.Login" time="43.567" errors="0" timestamp="2023-07-19T11:22:10 IST" skipped="0">
  <testcase classname="testcases.Login" name="invalidpasswd" time="15.775"/>
  <system-out/>
  <testcase classname="testcases.Login" name="launchurl" time="15.678"/>
  <system-out/>
  <testcase classname="testcases.Login" name="bumodule" time="12.114"/>
  <system-out/>
</testsuite> <!-- testcases.Login -->
