<?xml version="1.0" encoding="UTF-8"?>
<!-- Generated by org.testng.reporters.JUnitReportReporter -->
<testsuite hostname="premkumar" failures="0" tests="3" name="testcases.Login" time="45.261" errors="0" timestamp="2023-07-19T10:46:52 IST" skipped="0">
  <testcase classname="testcases.Login" name="invalidpasswd" time="15.613"/>
  <system-out/>
  <testcase classname="testcases.Login" name="launchurl" time="16.129"/>
  <system-out/>
  <testcase classname="testcases.Login" name="bumodule" time="13.519"/>
  <system-out/>
</testsuite> <!-- testcases.Login -->
