<?xml version="1.0" encoding="UTF-8"?>
<!-- Generated by org.testng.reporters.JUnitReportReporter -->
<testsuite hostname="premkumar" failures="0" tests="3" name="testcases.Login" time="42.585" errors="0" timestamp="2023-07-19T10:55:46 IST" skipped="0">
  <testcase classname="testcases.Login" name="invalidpasswd" time="15.581"/>
  <system-out/>
  <testcase classname="testcases.Login" name="launchurl" time="15.582"/>
  <system-out/>
  <testcase classname="testcases.Login" name="bumodule" time="11.422"/>
  <system-out/>
</testsuite> <!-- testcases.Login -->
